  ChessEngine.cpp
d:\softuni\c++\excercises\fullopp\task5\task5\knight.cpp(14): warning C4018: '<': signed/unsigned mismatch
d:\softuni\c++\excercises\fullopp\task5\task5\knight.cpp(31): warning C4018: '<': signed/unsigned mismatch
d:\softuni\c++\excercises\fullopp\task5\task5\knight.cpp(48): warning C4018: '<': signed/unsigned mismatch
d:\softuni\c++\excercises\fullopp\task5\task5\knight.cpp(65): warning C4018: '<': signed/unsigned mismatch
d:\softuni\c++\excercises\fullopp\task5\task5\knight.cpp(82): warning C4018: '<': signed/unsigned mismatch
d:\softuni\c++\excercises\fullopp\task5\task5\knight.cpp(99): warning C4018: '<': signed/unsigned mismatch
d:\softuni\c++\excercises\fullopp\task5\task5\knight.cpp(116): warning C4018: '<': signed/unsigned mismatch
d:\softuni\c++\excercises\fullopp\task5\task5\knight.cpp(133): warning C4018: '<': signed/unsigned mismatch
d:\softuni\c++\excercises\fullopp\task5\task5\knight.cpp(151): warning C4018: '<': signed/unsigned mismatch
d:\softuni\c++\excercises\fullopp\task5\task5\knight.cpp(154): warning C4018: '<': signed/unsigned mismatch
d:\softuni\c++\excercises\fullopp\task5\task5\pawn.cpp(16): warning C4018: '<': signed/unsigned mismatch
d:\softuni\c++\excercises\fullopp\task5\task5\pawn.cpp(64): warning C4018: '<': signed/unsigned mismatch
d:\softuni\c++\excercises\fullopp\task5\task5\pawn.cpp(108): warning C4018: '<': signed/unsigned mismatch
d:\softuni\c++\excercises\fullopp\task5\task5\pawn.cpp(111): warning C4018: '<': signed/unsigned mismatch
d:\softuni\c++\excercises\fullopp\task5\task5\king.cpp(39): warning C4018: '<': signed/unsigned mismatch
d:\softuni\c++\excercises\fullopp\task5\task5\king.cpp(42): warning C4018: '<': signed/unsigned mismatch
d:\softuni\c++\excercises\fullopp\task5\task5\king.cpp(53): warning C4018: '<': signed/unsigned mismatch
d:\softuni\c++\excercises\fullopp\task5\task5\king.cpp(73): warning C4018: '<': signed/unsigned mismatch
d:\softuni\c++\excercises\fullopp\task5\task5\king.cpp(76): warning C4018: '<': signed/unsigned mismatch
d:\softuni\c++\excercises\fullopp\task5\task5\queen.cpp(14): warning C4018: '<': signed/unsigned mismatch
d:\softuni\c++\excercises\fullopp\task5\task5\queen.cpp(34): warning C4018: '<': signed/unsigned mismatch
d:\softuni\c++\excercises\fullopp\task5\task5\queen.cpp(53): warning C4018: '<': signed/unsigned mismatch
d:\softuni\c++\excercises\fullopp\task5\task5\queen.cpp(72): warning C4018: '<': signed/unsigned mismatch
d:\softuni\c++\excercises\fullopp\task5\task5\queen.cpp(91): warning C4018: '<': signed/unsigned mismatch
d:\softuni\c++\excercises\fullopp\task5\task5\queen.cpp(110): warning C4018: '<': signed/unsigned mismatch
d:\softuni\c++\excercises\fullopp\task5\task5\queen.cpp(129): warning C4018: '<': signed/unsigned mismatch
d:\softuni\c++\excercises\fullopp\task5\task5\queen.cpp(148): warning C4018: '<': signed/unsigned mismatch
d:\softuni\c++\excercises\fullopp\task5\task5\queen.cpp(168): warning C4018: '<': signed/unsigned mismatch
d:\softuni\c++\excercises\fullopp\task5\task5\queen.cpp(171): warning C4018: '<': signed/unsigned mismatch
d:\softuni\c++\excercises\fullopp\task5\task5\bishop.cpp(14): warning C4018: '<': signed/unsigned mismatch
d:\softuni\c++\excercises\fullopp\task5\task5\bishop.cpp(34): warning C4018: '<': signed/unsigned mismatch
d:\softuni\c++\excercises\fullopp\task5\task5\bishop.cpp(53): warning C4018: '<': signed/unsigned mismatch
d:\softuni\c++\excercises\fullopp\task5\task5\bishop.cpp(72): warning C4018: '<': signed/unsigned mismatch
d:\softuni\c++\excercises\fullopp\task5\task5\bishop.cpp(92): warning C4018: '<': signed/unsigned mismatch
d:\softuni\c++\excercises\fullopp\task5\task5\bishop.cpp(95): warning C4018: '<': signed/unsigned mismatch
d:\softuni\c++\excercises\fullopp\task5\task5\rook.cpp(14): warning C4018: '<': signed/unsigned mismatch
d:\softuni\c++\excercises\fullopp\task5\task5\rook.cpp(33): warning C4018: '<': signed/unsigned mismatch
d:\softuni\c++\excercises\fullopp\task5\task5\rook.cpp(52): warning C4018: '<': signed/unsigned mismatch
d:\softuni\c++\excercises\fullopp\task5\task5\rook.cpp(71): warning C4018: '<': signed/unsigned mismatch
d:\softuni\c++\excercises\fullopp\task5\task5\rook.cpp(91): warning C4018: '<': signed/unsigned mismatch
d:\softuni\c++\excercises\fullopp\task5\task5\rook.cpp(94): warning C4018: '<': signed/unsigned mismatch
d:\softuni\c++\excercises\fullopp\task5\task5\visualrenderer.cpp(35): warning C4018: '<': signed/unsigned mismatch
d:\softuni\c++\excercises\fullopp\task5\task5\chessengine.cpp(20): warning C4018: '<': signed/unsigned mismatch
d:\softuni\c++\excercises\fullopp\task5\task5\chessengine.cpp(59): warning C4018: '<': signed/unsigned mismatch
d:\softuni\c++\excercises\fullopp\task5\task5\chessengine.cpp(81): warning C4018: '<': signed/unsigned mismatch
d:\softuni\c++\excercises\fullopp\task5\task5\chessengine.cpp(84): warning C4018: '<': signed/unsigned mismatch
  Task5.vcxproj -> D:\SoftUni\C++\Excercises\FullOPP\Task5\Debug\Task5.exe
  Task5.vcxproj -> D:\SoftUni\C++\Excercises\FullOPP\Task5\Debug\Task5.pdb (Partial PDB)
