d:\softuni\c++\excercises\fullopp\task5\task5\debug\vc140.pdb
d:\softuni\c++\excercises\fullopp\task5\task5\debug\vc140.idb
d:\softuni\c++\excercises\fullopp\task5\task5\debug\bishop.obj
d:\softuni\c++\excercises\fullopp\task5\task5\debug\chessengine.obj
d:\softuni\c++\excercises\fullopp\task5\task5\debug\figuresinitializer.obj
d:\softuni\c++\excercises\fullopp\task5\task5\debug\king.obj
d:\softuni\c++\excercises\fullopp\task5\task5\debug\knight.obj
d:\softuni\c++\excercises\fullopp\task5\task5\debug\main.obj
d:\softuni\c++\excercises\fullopp\task5\task5\debug\pawn.obj
d:\softuni\c++\excercises\fullopp\task5\task5\debug\queen.obj
d:\softuni\c++\excercises\fullopp\task5\task5\debug\rook.obj
d:\softuni\c++\excercises\fullopp\task5\task5\debug\visualrenderer.obj
d:\softuni\c++\excercises\fullopp\task5\debug\task5.ilk
d:\softuni\c++\excercises\fullopp\task5\debug\task5.exe
d:\softuni\c++\excercises\fullopp\task5\debug\task5.pdb
d:\softuni\c++\excercises\fullopp\task5\task5\debug\task5.tlog\cl.command.1.tlog
d:\softuni\c++\excercises\fullopp\task5\task5\debug\task5.tlog\cl.read.1.tlog
d:\softuni\c++\excercises\fullopp\task5\task5\debug\task5.tlog\cl.write.1.tlog
d:\softuni\c++\excercises\fullopp\task5\task5\debug\task5.tlog\link.command.1.tlog
d:\softuni\c++\excercises\fullopp\task5\task5\debug\task5.tlog\link.read.1.tlog
d:\softuni\c++\excercises\fullopp\task5\task5\debug\task5.tlog\link.write.1.tlog
